d:\bugor\6sem\computergraphicalghorithms\projects\wavefront\wavefront\wavefront\x64\release\vc143.pdb
d:\bugor\6sem\computergraphicalghorithms\projects\wavefront\wavefront\wavefront\x64\release\windowmain.obj
d:\bugor\6sem\computergraphicalghorithms\projects\wavefront\wavefront\wavefront\x64\release\rasterizator.obj
d:\bugor\6sem\computergraphicalghorithms\projects\wavefront\wavefront\wavefront\x64\release\triangle.obj
d:\bugor\6sem\computergraphicalghorithms\projects\wavefront\wavefront\wavefront\x64\release\temprasrt.obj
d:\bugor\6sem\computergraphicalghorithms\projects\wavefront\wavefront\wavefront\x64\release\objloader.obj
d:\bugor\6sem\computergraphicalghorithms\projects\wavefront\wavefront\wavefront\x64\release\coordsystem.obj
d:\bugor\6sem\computergraphicalghorithms\projects\wavefront\wavefront\wavefront\x64\release\lightlogic.obj
d:\bugor\6sem\computergraphicalghorithms\projects\wavefront\wavefront\wavefront\x64\release\pointlightstruct.obj
d:\bugor\6sem\computergraphicalghorithms\projects\wavefront\wavefront\wavefront\x64\release\wavefront.ipdb
d:\bugor\6sem\computergraphicalghorithms\projects\wavefront\wavefront\wavefront\x64\release\wavefront.iobj
d:\bugor\6sem\computergraphicalghorithms\projects\wavefront\wavefront\wavefront\x64\release\coordsystem.nativecodeanalysis.xml
d:\bugor\6sem\computergraphicalghorithms\projects\wavefront\wavefront\wavefront\x64\release\objloader.nativecodeanalysis.xml
d:\bugor\6sem\computergraphicalghorithms\projects\wavefront\wavefront\wavefront\x64\release\rasterizator.nativecodeanalysis.xml
d:\bugor\6sem\computergraphicalghorithms\projects\wavefront\wavefront\wavefront\x64\release\temprasrt.nativecodeanalysis.xml
d:\bugor\6sem\computergraphicalghorithms\projects\wavefront\wavefront\wavefront\x64\release\triangle.nativecodeanalysis.xml
d:\bugor\6sem\computergraphicalghorithms\projects\wavefront\wavefront\wavefront\x64\release\vc.nativecodeanalysis.all.xml
d:\bugor\6sem\computergraphicalghorithms\projects\wavefront\wavefront\wavefront\x64\release\windowmain.nativecodeanalysis.xml
d:\bugor\6sem\computergraphicalghorithms\projects\wavefront\wavefront\x64\release\wavefront.pdb
d:\bugor\6sem\computergraphicalghorithms\projects\wavefront\wavefront\wavefront\x64\release\wavefront.tlog\cl.command.1.tlog
d:\bugor\6sem\computergraphicalghorithms\projects\wavefront\wavefront\wavefront\x64\release\wavefront.tlog\cl.items.tlog
d:\bugor\6sem\computergraphicalghorithms\projects\wavefront\wavefront\wavefront\x64\release\wavefront.tlog\cl.read.1.tlog
d:\bugor\6sem\computergraphicalghorithms\projects\wavefront\wavefront\wavefront\x64\release\wavefront.tlog\cl.write.1.tlog
d:\bugor\6sem\computergraphicalghorithms\projects\wavefront\wavefront\wavefront\x64\release\wavefront.tlog\link.command.1.tlog
d:\bugor\6sem\computergraphicalghorithms\projects\wavefront\wavefront\wavefront\x64\release\wavefront.tlog\link.read.1.tlog
d:\bugor\6sem\computergraphicalghorithms\projects\wavefront\wavefront\wavefront\x64\release\wavefront.tlog\link.secondary.1.tlog
d:\bugor\6sem\computergraphicalghorithms\projects\wavefront\wavefront\wavefront\x64\release\wavefront.tlog\link.write.1.tlog
