cl : command line  warning D9002: ignoring unknown option '/arch:SSE'
  Rasterizator.cpp
D:\Bugor\6sem\ComputerGraphicAlghorithms\projects\WaveFront\WaveFront\WaveFront\CoordSystem.h(30,2): warning C4091: 'typedef ': ignored on left of '_3DMATRIX' when no variable is declared
  (compiling source file 'Rasterizator.cpp')
  
D:\Bugor\6sem\ComputerGraphicAlghorithms\projects\WaveFront\WaveFront\WaveFront\CoordSystem.h(77,20): warning C4244: 'return': conversion from 'double' to 'float', possible loss of data
  (compiling source file 'Rasterizator.cpp')
  
D:\Bugor\6sem\ComputerGraphicAlghorithms\projects\WaveFront\WaveFront\WaveFront\Mat3Struct.h(18,2): warning C4091: 'typedef ': ignored on left of 'Mat3Struct' when no variable is declared
  (compiling source file 'Rasterizator.cpp')
  
D:\Bugor\6sem\ComputerGraphicAlghorithms\projects\WaveFront\WaveFront\WaveFront\Rasterizator.cpp(54,8): warning C4267: 'initializing': conversion from 'size_t' to 'int', possible loss of data
D:\Bugor\6sem\ComputerGraphicAlghorithms\projects\WaveFront\WaveFront\WaveFront\Rasterizator.cpp(123,29): warning C4244: '=': conversion from 'T' to 'BYTE', possible loss of data
D:\Bugor\6sem\ComputerGraphicAlghorithms\projects\WaveFront\WaveFront\WaveFront\Rasterizator.cpp(123,29): warning C4244:         with
D:\Bugor\6sem\ComputerGraphicAlghorithms\projects\WaveFront\WaveFront\WaveFront\Rasterizator.cpp(123,29): warning C4244:         [
D:\Bugor\6sem\ComputerGraphicAlghorithms\projects\WaveFront\WaveFront\WaveFront\Rasterizator.cpp(123,29): warning C4244:             T=float
D:\Bugor\6sem\ComputerGraphicAlghorithms\projects\WaveFront\WaveFront\WaveFront\Rasterizator.cpp(123,29): warning C4244:         ]
D:\Bugor\6sem\ComputerGraphicAlghorithms\projects\WaveFront\WaveFront\WaveFront\Rasterizator.cpp(124,30): warning C4244: '=': conversion from 'T' to 'BYTE', possible loss of data
D:\Bugor\6sem\ComputerGraphicAlghorithms\projects\WaveFront\WaveFront\WaveFront\Rasterizator.cpp(124,30): warning C4244:         with
D:\Bugor\6sem\ComputerGraphicAlghorithms\projects\WaveFront\WaveFront\WaveFront\Rasterizator.cpp(124,30): warning C4244:         [
D:\Bugor\6sem\ComputerGraphicAlghorithms\projects\WaveFront\WaveFront\WaveFront\Rasterizator.cpp(124,30): warning C4244:             T=float
D:\Bugor\6sem\ComputerGraphicAlghorithms\projects\WaveFront\WaveFront\WaveFront\Rasterizator.cpp(124,30): warning C4244:         ]
D:\Bugor\6sem\ComputerGraphicAlghorithms\projects\WaveFront\WaveFront\WaveFront\Rasterizator.cpp(125,28): warning C4244: '=': conversion from 'T' to 'BYTE', possible loss of data
D:\Bugor\6sem\ComputerGraphicAlghorithms\projects\WaveFront\WaveFront\WaveFront\Rasterizator.cpp(125,28): warning C4244:         with
D:\Bugor\6sem\ComputerGraphicAlghorithms\projects\WaveFront\WaveFront\WaveFront\Rasterizator.cpp(125,28): warning C4244:         [
D:\Bugor\6sem\ComputerGraphicAlghorithms\projects\WaveFront\WaveFront\WaveFront\Rasterizator.cpp(125,28): warning C4244:             T=float
D:\Bugor\6sem\ComputerGraphicAlghorithms\projects\WaveFront\WaveFront\WaveFront\Rasterizator.cpp(125,28): warning C4244:         ]
D:\Bugor\6sem\ComputerGraphicAlghorithms\projects\WaveFront\WaveFront\WaveFront\Rasterizator.cpp(199,20): warning C4244: 'initializing': conversion from 'float' to 'unsigned char', possible loss of data
D:\Bugor\6sem\ComputerGraphicAlghorithms\projects\WaveFront\WaveFront\WaveFront\Rasterizator.cpp(200,22): warning C4244: 'initializing': conversion from 'float' to 'unsigned char', possible loss of data
D:\Bugor\6sem\ComputerGraphicAlghorithms\projects\WaveFront\WaveFront\WaveFront\Rasterizator.cpp(201,21): warning C4244: 'initializing': conversion from 'float' to 'unsigned char', possible loss of data
D:\Bugor\6sem\ComputerGraphicAlghorithms\projects\WaveFront\WaveFront\WaveFront\Rasterizator.cpp(202,22): warning C4244: 'initializing': conversion from 'float' to 'unsigned char', possible loss of data
D:\Bugor\6sem\ComputerGraphicAlghorithms\projects\WaveFront\WaveFront\WaveFront\Rasterizator.cpp(248,13): warning C4244: 'initializing': conversion from 'int' to 'float', possible loss of data
D:\Bugor\6sem\ComputerGraphicAlghorithms\projects\WaveFront\WaveFront\WaveFront\Rasterizator.cpp(276,13): warning C4244: 'initializing': conversion from 'float' to 'int', possible loss of data
D:\Bugor\6sem\ComputerGraphicAlghorithms\projects\WaveFront\WaveFront\WaveFront\Rasterizator.cpp(278,26): warning C4244: 'argument': conversion from 'float' to 'const unsigned __int64', possible loss of data
D:\Bugor\6sem\ComputerGraphicAlghorithms\projects\WaveFront\WaveFront\WaveFront\Rasterizator.cpp(278,10): warning C4244: 'initializing': conversion from '_Ty' to 'int', possible loss of data
D:\Bugor\6sem\ComputerGraphicAlghorithms\projects\WaveFront\WaveFront\WaveFront\Rasterizator.cpp(278,10): warning C4244:         with
D:\Bugor\6sem\ComputerGraphicAlghorithms\projects\WaveFront\WaveFront\WaveFront\Rasterizator.cpp(278,10): warning C4244:         [
D:\Bugor\6sem\ComputerGraphicAlghorithms\projects\WaveFront\WaveFront\WaveFront\Rasterizator.cpp(278,10): warning C4244:             _Ty=float
D:\Bugor\6sem\ComputerGraphicAlghorithms\projects\WaveFront\WaveFront\WaveFront\Rasterizator.cpp(278,10): warning C4244:         ]
D:\Bugor\6sem\ComputerGraphicAlghorithms\projects\WaveFront\WaveFront\WaveFront\Rasterizator.cpp(279,27): warning C4244: 'argument': conversion from 'float' to 'const unsigned __int64', possible loss of data
D:\Bugor\6sem\ComputerGraphicAlghorithms\projects\WaveFront\WaveFront\WaveFront\Rasterizator.cpp(279,10): warning C4244: 'initializing': conversion from '_Ty' to 'int', possible loss of data
D:\Bugor\6sem\ComputerGraphicAlghorithms\projects\WaveFront\WaveFront\WaveFront\Rasterizator.cpp(279,10): warning C4244:         with
D:\Bugor\6sem\ComputerGraphicAlghorithms\projects\WaveFront\WaveFront\WaveFront\Rasterizator.cpp(279,10): warning C4244:         [
D:\Bugor\6sem\ComputerGraphicAlghorithms\projects\WaveFront\WaveFront\WaveFront\Rasterizator.cpp(279,10): warning C4244:             _Ty=float
D:\Bugor\6sem\ComputerGraphicAlghorithms\projects\WaveFront\WaveFront\WaveFront\Rasterizator.cpp(279,10): warning C4244:         ]
D:\Bugor\6sem\ComputerGraphicAlghorithms\projects\WaveFront\WaveFront\WaveFront\Rasterizator.cpp(282,69): warning C4244: 'argument': conversion from 'float' to 'const unsigned __int64', possible loss of data
D:\Bugor\6sem\ComputerGraphicAlghorithms\projects\WaveFront\WaveFront\WaveFront\Rasterizator.cpp(282,113): warning C4244: 'argument': conversion from 'float' to 'const unsigned __int64', possible loss of data
D:\Bugor\6sem\ComputerGraphicAlghorithms\projects\WaveFront\WaveFront\WaveFront\Rasterizator.cpp(282,94): warning C4244: 'argument': conversion from 'int' to 'float', possible loss of data
D:\Bugor\6sem\ComputerGraphicAlghorithms\projects\WaveFront\WaveFront\WaveFront\Rasterizator.cpp(282,51): warning C4244: 'argument': conversion from 'int' to 'float', possible loss of data
D:\Bugor\6sem\ComputerGraphicAlghorithms\projects\WaveFront\WaveFront\WaveFront\Rasterizator.cpp(286,30): warning C4244: 'argument': conversion from 'float' to 'const unsigned __int64', possible loss of data
D:\Bugor\6sem\ComputerGraphicAlghorithms\projects\WaveFront\WaveFront\WaveFront\Rasterizator.cpp(287,31): warning C4244: 'argument': conversion from 'float' to 'const unsigned __int64', possible loss of data
D:\Bugor\6sem\ComputerGraphicAlghorithms\projects\WaveFront\WaveFront\WaveFront\Rasterizator.cpp(301,43): warning C4838: conversion from '_Ty' to 'BYTE' requires a narrowing conversion
D:\Bugor\6sem\ComputerGraphicAlghorithms\projects\WaveFront\WaveFront\WaveFront\Rasterizator.cpp(301,43): warning C4838:         with
D:\Bugor\6sem\ComputerGraphicAlghorithms\projects\WaveFront\WaveFront\WaveFront\Rasterizator.cpp(301,43): warning C4838:         [
D:\Bugor\6sem\ComputerGraphicAlghorithms\projects\WaveFront\WaveFront\WaveFront\Rasterizator.cpp(301,43): warning C4838:             _Ty=float
D:\Bugor\6sem\ComputerGraphicAlghorithms\projects\WaveFront\WaveFront\WaveFront\Rasterizator.cpp(301,43): warning C4838:         ]
D:\Bugor\6sem\ComputerGraphicAlghorithms\projects\WaveFront\WaveFront\WaveFront\Rasterizator.cpp(301,43): warning C4244: 'initializing': conversion from '_Ty' to 'BYTE', possible loss of data
D:\Bugor\6sem\ComputerGraphicAlghorithms\projects\WaveFront\WaveFront\WaveFront\Rasterizator.cpp(301,43): warning C4244:         with
D:\Bugor\6sem\ComputerGraphicAlghorithms\projects\WaveFront\WaveFront\WaveFront\Rasterizator.cpp(301,43): warning C4244:         [
D:\Bugor\6sem\ComputerGraphicAlghorithms\projects\WaveFront\WaveFront\WaveFront\Rasterizator.cpp(301,43): warning C4244:             _Ty=float
D:\Bugor\6sem\ComputerGraphicAlghorithms\projects\WaveFront\WaveFront\WaveFront\Rasterizator.cpp(301,43): warning C4244:         ]
D:\Bugor\6sem\ComputerGraphicAlghorithms\projects\WaveFront\WaveFront\WaveFront\Rasterizator.cpp(301,77): warning C4838: conversion from '_Ty' to 'BYTE' requires a narrowing conversion
D:\Bugor\6sem\ComputerGraphicAlghorithms\projects\WaveFront\WaveFront\WaveFront\Rasterizator.cpp(301,77): warning C4838:         with
D:\Bugor\6sem\ComputerGraphicAlghorithms\projects\WaveFront\WaveFront\WaveFront\Rasterizator.cpp(301,77): warning C4838:         [
D:\Bugor\6sem\ComputerGraphicAlghorithms\projects\WaveFront\WaveFront\WaveFront\Rasterizator.cpp(301,77): warning C4838:             _Ty=float
D:\Bugor\6sem\ComputerGraphicAlghorithms\projects\WaveFront\WaveFront\WaveFront\Rasterizator.cpp(301,77): warning C4838:         ]
D:\Bugor\6sem\ComputerGraphicAlghorithms\projects\WaveFront\WaveFront\WaveFront\Rasterizator.cpp(301,77): warning C4244: 'initializing': conversion from '_Ty' to 'BYTE', possible loss of data
D:\Bugor\6sem\ComputerGraphicAlghorithms\projects\WaveFront\WaveFront\WaveFront\Rasterizator.cpp(301,77): warning C4244:         with
D:\Bugor\6sem\ComputerGraphicAlghorithms\projects\WaveFront\WaveFront\WaveFront\Rasterizator.cpp(301,77): warning C4244:         [
D:\Bugor\6sem\ComputerGraphicAlghorithms\projects\WaveFront\WaveFront\WaveFront\Rasterizator.cpp(301,77): warning C4244:             _Ty=float
D:\Bugor\6sem\ComputerGraphicAlghorithms\projects\WaveFront\WaveFront\WaveFront\Rasterizator.cpp(301,77): warning C4244:         ]
D:\Bugor\6sem\ComputerGraphicAlghorithms\projects\WaveFront\WaveFront\WaveFront\Rasterizator.cpp(301,110): warning C4838: conversion from '_Ty' to 'BYTE' requires a narrowing conversion
D:\Bugor\6sem\ComputerGraphicAlghorithms\projects\WaveFront\WaveFront\WaveFront\Rasterizator.cpp(301,110): warning C4838:         with
D:\Bugor\6sem\ComputerGraphicAlghorithms\projects\WaveFront\WaveFront\WaveFront\Rasterizator.cpp(301,110): warning C4838:         [
D:\Bugor\6sem\ComputerGraphicAlghorithms\projects\WaveFront\WaveFront\WaveFront\Rasterizator.cpp(301,110): warning C4838:             _Ty=float
D:\Bugor\6sem\ComputerGraphicAlghorithms\projects\WaveFront\WaveFront\WaveFront\Rasterizator.cpp(301,110): warning C4838:         ]
D:\Bugor\6sem\ComputerGraphicAlghorithms\projects\WaveFront\WaveFront\WaveFront\Rasterizator.cpp(301,110): warning C4244: 'initializing': conversion from '_Ty' to 'BYTE', possible loss of data
D:\Bugor\6sem\ComputerGraphicAlghorithms\projects\WaveFront\WaveFront\WaveFront\Rasterizator.cpp(301,110): warning C4244:         with
D:\Bugor\6sem\ComputerGraphicAlghorithms\projects\WaveFront\WaveFront\WaveFront\Rasterizator.cpp(301,110): warning C4244:         [
D:\Bugor\6sem\ComputerGraphicAlghorithms\projects\WaveFront\WaveFront\WaveFront\Rasterizator.cpp(301,110): warning C4244:             _Ty=float
D:\Bugor\6sem\ComputerGraphicAlghorithms\projects\WaveFront\WaveFront\WaveFront\Rasterizator.cpp(301,110): warning C4244:         ]
D:\Bugor\6sem\ComputerGraphicAlghorithms\projects\WaveFront\WaveFront\WaveFront\Rasterizator.cpp(317,13): warning C4244: 'initializing': conversion from 'float' to 'int', possible loss of data
D:\Bugor\6sem\ComputerGraphicAlghorithms\projects\WaveFront\WaveFront\WaveFront\Rasterizator.cpp(319,14): warning C4244: 'initializing': conversion from 'float' to 'int', possible loss of data
D:\Bugor\6sem\ComputerGraphicAlghorithms\projects\WaveFront\WaveFront\WaveFront\Rasterizator.cpp(321,24): warning C4244: 'argument': conversion from 'int' to 'float', possible loss of data
D:\Bugor\6sem\ComputerGraphicAlghorithms\projects\WaveFront\WaveFront\WaveFront\Rasterizator.cpp(321,21): warning C4244: 'argument': conversion from 'int' to 'float', possible loss of data
D:\Bugor\6sem\ComputerGraphicAlghorithms\projects\WaveFront\WaveFront\WaveFront\Rasterizator.cpp(408,13): warning C4244: 'initializing': conversion from 'float' to 'int', possible loss of data
D:\Bugor\6sem\ComputerGraphicAlghorithms\projects\WaveFront\WaveFront\WaveFront\Rasterizator.cpp(410,14): warning C4244: 'initializing': conversion from 'float' to 'int', possible loss of data
D:\Bugor\6sem\ComputerGraphicAlghorithms\projects\WaveFront\WaveFront\WaveFront\Rasterizator.cpp(412,65): warning C4244: 'argument': conversion from 'int' to 'float', possible loss of data
D:\Bugor\6sem\ComputerGraphicAlghorithms\projects\WaveFront\WaveFront\WaveFront\Rasterizator.cpp(412,62): warning C4244: 'argument': conversion from 'int' to 'float', possible loss of data
D:\Bugor\6sem\ComputerGraphicAlghorithms\projects\WaveFront\WaveFront\WaveFront\Rasterizator.cpp(413,65): warning C4244: 'argument': conversion from 'int' to 'float', possible loss of data
D:\Bugor\6sem\ComputerGraphicAlghorithms\projects\WaveFront\WaveFront\WaveFront\Rasterizator.cpp(413,62): warning C4244: 'argument': conversion from 'int' to 'float', possible loss of data
D:\Bugor\6sem\ComputerGraphicAlghorithms\projects\WaveFront\WaveFront\WaveFront\Rasterizator.cpp(414,65): warning C4244: 'argument': conversion from 'int' to 'float', possible loss of data
D:\Bugor\6sem\ComputerGraphicAlghorithms\projects\WaveFront\WaveFront\WaveFront\Rasterizator.cpp(414,62): warning C4244: 'argument': conversion from 'int' to 'float', possible loss of data
D:\Bugor\6sem\ComputerGraphicAlghorithms\projects\WaveFront\WaveFront\WaveFront\Rasterizator.cpp(454,42): warning C4838: conversion from 'BYTE' to 'float' requires a narrowing conversion
D:\Bugor\6sem\ComputerGraphicAlghorithms\projects\WaveFront\WaveFront\WaveFront\Rasterizator.cpp(454,56): warning C4838: conversion from 'BYTE' to 'float' requires a narrowing conversion
D:\Bugor\6sem\ComputerGraphicAlghorithms\projects\WaveFront\WaveFront\WaveFront\Rasterizator.cpp(454,72): warning C4838: conversion from 'BYTE' to 'float' requires a narrowing conversion
D:\Bugor\6sem\ComputerGraphicAlghorithms\projects\WaveFront\WaveFront\WaveFront\Rasterizator.cpp(468,42): warning C4838: conversion from 'BYTE' to 'float' requires a narrowing conversion
D:\Bugor\6sem\ComputerGraphicAlghorithms\projects\WaveFront\WaveFront\WaveFront\Rasterizator.cpp(468,56): warning C4838: conversion from 'BYTE' to 'float' requires a narrowing conversion
D:\Bugor\6sem\ComputerGraphicAlghorithms\projects\WaveFront\WaveFront\WaveFront\Rasterizator.cpp(468,72): warning C4838: conversion from 'BYTE' to 'float' requires a narrowing conversion
D:\Bugor\6sem\ComputerGraphicAlghorithms\projects\WaveFront\WaveFront\WaveFront\Rasterizator.cpp(484,81): warning C4244: 'argument': conversion from 'float' to 'int', possible loss of data
D:\Bugor\6sem\ComputerGraphicAlghorithms\projects\WaveFront\WaveFront\WaveFront\Rasterizator.cpp(484,78): warning C4244: 'argument': conversion from 'float' to 'int', possible loss of data
D:\Bugor\6sem\ComputerGraphicAlghorithms\projects\WaveFront\WaveFront\WaveFront\Rasterizator.cpp(499,81): warning C4244: 'argument': conversion from 'float' to 'int', possible loss of data
D:\Bugor\6sem\ComputerGraphicAlghorithms\projects\WaveFront\WaveFront\WaveFront\Rasterizator.cpp(499,78): warning C4244: 'argument': conversion from 'float' to 'int', possible loss of data
D:\Bugor\6sem\ComputerGraphicAlghorithms\projects\WaveFront\WaveFront\WaveFront\Rasterizator.cpp(500,47): warning C4838: conversion from 'BYTE' to 'float' requires a narrowing conversion
D:\Bugor\6sem\ComputerGraphicAlghorithms\projects\WaveFront\WaveFront\WaveFront\Rasterizator.cpp(500,66): warning C4838: conversion from 'BYTE' to 'float' requires a narrowing conversion
D:\Bugor\6sem\ComputerGraphicAlghorithms\projects\WaveFront\WaveFront\WaveFront\Rasterizator.cpp(500,87): warning C4838: conversion from 'BYTE' to 'float' requires a narrowing conversion
D:\Bugor\6sem\ComputerGraphicAlghorithms\projects\WaveFront\WaveFront\WaveFront\Rasterizator.cpp(516,47): warning C4838: conversion from 'BYTE' to 'float' requires a narrowing conversion
D:\Bugor\6sem\ComputerGraphicAlghorithms\projects\WaveFront\WaveFront\WaveFront\Rasterizator.cpp(516,66): warning C4838: conversion from 'BYTE' to 'float' requires a narrowing conversion
D:\Bugor\6sem\ComputerGraphicAlghorithms\projects\WaveFront\WaveFront\WaveFront\Rasterizator.cpp(516,87): warning C4838: conversion from 'BYTE' to 'float' requires a narrowing conversion
D:\Bugor\6sem\ComputerGraphicAlghorithms\projects\WaveFront\WaveFront\WaveFront\Rasterizator.cpp(656,13): warning C4244: 'initializing': conversion from 'float' to 'int', possible loss of data
D:\Bugor\6sem\ComputerGraphicAlghorithms\projects\WaveFront\WaveFront\WaveFront\Rasterizator.cpp(658,14): warning C4244: 'initializing': conversion from 'float' to 'int', possible loss of data
D:\Bugor\6sem\ComputerGraphicAlghorithms\projects\WaveFront\WaveFront\WaveFront\Rasterizator.cpp(661,65): warning C4244: 'argument': conversion from 'int' to 'float', possible loss of data
D:\Bugor\6sem\ComputerGraphicAlghorithms\projects\WaveFront\WaveFront\WaveFront\Rasterizator.cpp(661,62): warning C4244: 'argument': conversion from 'int' to 'float', possible loss of data
D:\Bugor\6sem\ComputerGraphicAlghorithms\projects\WaveFront\WaveFront\WaveFront\Rasterizator.cpp(662,65): warning C4244: 'argument': conversion from 'int' to 'float', possible loss of data
D:\Bugor\6sem\ComputerGraphicAlghorithms\projects\WaveFront\WaveFront\WaveFront\Rasterizator.cpp(662,62): warning C4244: 'argument': conversion from 'int' to 'float', possible loss of data
D:\Bugor\6sem\ComputerGraphicAlghorithms\projects\WaveFront\WaveFront\WaveFront\Rasterizator.cpp(663,65): warning C4244: 'argument': conversion from 'int' to 'float', possible loss of data
D:\Bugor\6sem\ComputerGraphicAlghorithms\projects\WaveFront\WaveFront\WaveFront\Rasterizator.cpp(663,62): warning C4244: 'argument': conversion from 'int' to 'float', possible loss of data
D:\Bugor\6sem\ComputerGraphicAlghorithms\projects\WaveFront\WaveFront\WaveFront\Rasterizator.cpp(759,24): warning C4244: 'initializing': conversion from 'float' to 'unsigned char', possible loss of data
D:\Bugor\6sem\ComputerGraphicAlghorithms\projects\WaveFront\WaveFront\WaveFront\Rasterizator.cpp(760,26): warning C4244: 'initializing': conversion from 'float' to 'unsigned char', possible loss of data
D:\Bugor\6sem\ComputerGraphicAlghorithms\projects\WaveFront\WaveFront\WaveFront\Rasterizator.cpp(761,25): warning C4244: 'initializing': conversion from 'float' to 'unsigned char', possible loss of data
D:\Bugor\6sem\ComputerGraphicAlghorithms\projects\WaveFront\WaveFront\WaveFront\Rasterizator.cpp(762,26): warning C4244: 'initializing': conversion from 'float' to 'unsigned char', possible loss of data
D:\Bugor\6sem\ComputerGraphicAlghorithms\projects\WaveFront\WaveFront\WaveFront\Rasterizator.cpp(775,34): warning C4244: '=': conversion from 'T' to 'BYTE', possible loss of data
D:\Bugor\6sem\ComputerGraphicAlghorithms\projects\WaveFront\WaveFront\WaveFront\Rasterizator.cpp(775,34): warning C4244:         with
D:\Bugor\6sem\ComputerGraphicAlghorithms\projects\WaveFront\WaveFront\WaveFront\Rasterizator.cpp(775,34): warning C4244:         [
D:\Bugor\6sem\ComputerGraphicAlghorithms\projects\WaveFront\WaveFront\WaveFront\Rasterizator.cpp(775,34): warning C4244:             T=float
D:\Bugor\6sem\ComputerGraphicAlghorithms\projects\WaveFront\WaveFront\WaveFront\Rasterizator.cpp(775,34): warning C4244:         ]
D:\Bugor\6sem\ComputerGraphicAlghorithms\projects\WaveFront\WaveFront\WaveFront\Rasterizator.cpp(776,35): warning C4244: '=': conversion from 'T' to 'BYTE', possible loss of data
D:\Bugor\6sem\ComputerGraphicAlghorithms\projects\WaveFront\WaveFront\WaveFront\Rasterizator.cpp(776,35): warning C4244:         with
D:\Bugor\6sem\ComputerGraphicAlghorithms\projects\WaveFront\WaveFront\WaveFront\Rasterizator.cpp(776,35): warning C4244:         [
D:\Bugor\6sem\ComputerGraphicAlghorithms\projects\WaveFront\WaveFront\WaveFront\Rasterizator.cpp(776,35): warning C4244:             T=float
D:\Bugor\6sem\ComputerGraphicAlghorithms\projects\WaveFront\WaveFront\WaveFront\Rasterizator.cpp(776,35): warning C4244:         ]
D:\Bugor\6sem\ComputerGraphicAlghorithms\projects\WaveFront\WaveFront\WaveFront\Rasterizator.cpp(777,33): warning C4244: '=': conversion from 'T' to 'BYTE', possible loss of data
D:\Bugor\6sem\ComputerGraphicAlghorithms\projects\WaveFront\WaveFront\WaveFront\Rasterizator.cpp(777,33): warning C4244:         with
D:\Bugor\6sem\ComputerGraphicAlghorithms\projects\WaveFront\WaveFront\WaveFront\Rasterizator.cpp(777,33): warning C4244:         [
D:\Bugor\6sem\ComputerGraphicAlghorithms\projects\WaveFront\WaveFront\WaveFront\Rasterizator.cpp(777,33): warning C4244:             T=float
D:\Bugor\6sem\ComputerGraphicAlghorithms\projects\WaveFront\WaveFront\WaveFront\Rasterizator.cpp(777,33): warning C4244:         ]
D:\Bugor\6sem\ComputerGraphicAlghorithms\projects\WaveFront\WaveFront\WaveFront\Rasterizator.cpp(796,13): warning C4244: 'initializing': conversion from 'float' to 'int', possible loss of data
D:\Bugor\6sem\ComputerGraphicAlghorithms\projects\WaveFront\WaveFront\WaveFront\Rasterizator.cpp(798,14): warning C4244: 'initializing': conversion from 'float' to 'int', possible loss of data
D:\Bugor\6sem\ComputerGraphicAlghorithms\projects\WaveFront\WaveFront\WaveFront\Rasterizator.cpp(801,65): warning C4244: 'argument': conversion from 'int' to 'float', possible loss of data
D:\Bugor\6sem\ComputerGraphicAlghorithms\projects\WaveFront\WaveFront\WaveFront\Rasterizator.cpp(801,62): warning C4244: 'argument': conversion from 'int' to 'float', possible loss of data
D:\Bugor\6sem\ComputerGraphicAlghorithms\projects\WaveFront\WaveFront\WaveFront\Rasterizator.cpp(802,65): warning C4244: 'argument': conversion from 'int' to 'float', possible loss of data
D:\Bugor\6sem\ComputerGraphicAlghorithms\projects\WaveFront\WaveFront\WaveFront\Rasterizator.cpp(802,62): warning C4244: 'argument': conversion from 'int' to 'float', possible loss of data
D:\Bugor\6sem\ComputerGraphicAlghorithms\projects\WaveFront\WaveFront\WaveFront\Rasterizator.cpp(803,65): warning C4244: 'argument': conversion from 'int' to 'float', possible loss of data
D:\Bugor\6sem\ComputerGraphicAlghorithms\projects\WaveFront\WaveFront\WaveFront\Rasterizator.cpp(803,62): warning C4244: 'argument': conversion from 'int' to 'float', possible loss of data
D:\Bugor\6sem\ComputerGraphicAlghorithms\projects\WaveFront\WaveFront\WaveFront\Rasterizator.cpp(933,24): warning C4244: 'initializing': conversion from 'float' to 'unsigned char', possible loss of data
D:\Bugor\6sem\ComputerGraphicAlghorithms\projects\WaveFront\WaveFront\WaveFront\Rasterizator.cpp(934,26): warning C4244: 'initializing': conversion from 'float' to 'unsigned char', possible loss of data
D:\Bugor\6sem\ComputerGraphicAlghorithms\projects\WaveFront\WaveFront\WaveFront\Rasterizator.cpp(935,25): warning C4244: 'initializing': conversion from 'float' to 'unsigned char', possible loss of data
D:\Bugor\6sem\ComputerGraphicAlghorithms\projects\WaveFront\WaveFront\WaveFront\Rasterizator.cpp(936,26): warning C4244: 'initializing': conversion from 'float' to 'unsigned char', possible loss of data
D:\Bugor\6sem\ComputerGraphicAlghorithms\projects\WaveFront\WaveFront\WaveFront\Rasterizator.cpp(947,34): warning C4244: '=': conversion from 'T' to 'BYTE', possible loss of data
D:\Bugor\6sem\ComputerGraphicAlghorithms\projects\WaveFront\WaveFront\WaveFront\Rasterizator.cpp(947,34): warning C4244:         with
D:\Bugor\6sem\ComputerGraphicAlghorithms\projects\WaveFront\WaveFront\WaveFront\Rasterizator.cpp(947,34): warning C4244:         [
D:\Bugor\6sem\ComputerGraphicAlghorithms\projects\WaveFront\WaveFront\WaveFront\Rasterizator.cpp(947,34): warning C4244:             T=float
D:\Bugor\6sem\ComputerGraphicAlghorithms\projects\WaveFront\WaveFront\WaveFront\Rasterizator.cpp(947,34): warning C4244:         ]
D:\Bugor\6sem\ComputerGraphicAlghorithms\projects\WaveFront\WaveFront\WaveFront\Rasterizator.cpp(948,35): warning C4244: '=': conversion from 'T' to 'BYTE', possible loss of data
D:\Bugor\6sem\ComputerGraphicAlghorithms\projects\WaveFront\WaveFront\WaveFront\Rasterizator.cpp(948,35): warning C4244:         with
D:\Bugor\6sem\ComputerGraphicAlghorithms\projects\WaveFront\WaveFront\WaveFront\Rasterizator.cpp(948,35): warning C4244:         [
D:\Bugor\6sem\ComputerGraphicAlghorithms\projects\WaveFront\WaveFront\WaveFront\Rasterizator.cpp(948,35): warning C4244:             T=float
D:\Bugor\6sem\ComputerGraphicAlghorithms\projects\WaveFront\WaveFront\WaveFront\Rasterizator.cpp(948,35): warning C4244:         ]
D:\Bugor\6sem\ComputerGraphicAlghorithms\projects\WaveFront\WaveFront\WaveFront\Rasterizator.cpp(949,33): warning C4244: '=': conversion from 'T' to 'BYTE', possible loss of data
D:\Bugor\6sem\ComputerGraphicAlghorithms\projects\WaveFront\WaveFront\WaveFront\Rasterizator.cpp(949,33): warning C4244:         with
D:\Bugor\6sem\ComputerGraphicAlghorithms\projects\WaveFront\WaveFront\WaveFront\Rasterizator.cpp(949,33): warning C4244:         [
D:\Bugor\6sem\ComputerGraphicAlghorithms\projects\WaveFront\WaveFront\WaveFront\Rasterizator.cpp(949,33): warning C4244:             T=float
D:\Bugor\6sem\ComputerGraphicAlghorithms\projects\WaveFront\WaveFront\WaveFront\Rasterizator.cpp(949,33): warning C4244:         ]
D:\Bugor\6sem\ComputerGraphicAlghorithms\projects\WaveFront\WaveFront\WaveFront\Rasterizator.cpp(968,13): warning C4244: 'initializing': conversion from 'float' to 'int', possible loss of data
D:\Bugor\6sem\ComputerGraphicAlghorithms\projects\WaveFront\WaveFront\WaveFront\Rasterizator.cpp(970,14): warning C4244: 'initializing': conversion from 'float' to 'int', possible loss of data
D:\Bugor\6sem\ComputerGraphicAlghorithms\projects\WaveFront\WaveFront\WaveFront\Rasterizator.cpp(973,65): warning C4244: 'argument': conversion from 'int' to 'float', possible loss of data
D:\Bugor\6sem\ComputerGraphicAlghorithms\projects\WaveFront\WaveFront\WaveFront\Rasterizator.cpp(973,62): warning C4244: 'argument': conversion from 'int' to 'float', possible loss of data
D:\Bugor\6sem\ComputerGraphicAlghorithms\projects\WaveFront\WaveFront\WaveFront\Rasterizator.cpp(974,65): warning C4244: 'argument': conversion from 'int' to 'float', possible loss of data
D:\Bugor\6sem\ComputerGraphicAlghorithms\projects\WaveFront\WaveFront\WaveFront\Rasterizator.cpp(974,62): warning C4244: 'argument': conversion from 'int' to 'float', possible loss of data
D:\Bugor\6sem\ComputerGraphicAlghorithms\projects\WaveFront\WaveFront\WaveFront\Rasterizator.cpp(975,65): warning C4244: 'argument': conversion from 'int' to 'float', possible loss of data
D:\Bugor\6sem\ComputerGraphicAlghorithms\projects\WaveFront\WaveFront\WaveFront\Rasterizator.cpp(975,62): warning C4244: 'argument': conversion from 'int' to 'float', possible loss of data
D:\Bugor\6sem\ComputerGraphicAlghorithms\projects\WaveFront\WaveFront\WaveFront\Rasterizator.cpp(1035,34): warning C4838: conversion from 'unsigned char' to 'float' requires a narrowing conversion
D:\Bugor\6sem\ComputerGraphicAlghorithms\projects\WaveFront\WaveFront\WaveFront\Rasterizator.cpp(1035,39): warning C4838: conversion from 'unsigned char' to 'float' requires a narrowing conversion
D:\Bugor\6sem\ComputerGraphicAlghorithms\projects\WaveFront\WaveFront\WaveFront\Rasterizator.cpp(1035,45): warning C4838: conversion from 'unsigned char' to 'float' requires a narrowing conversion
D:\Bugor\6sem\ComputerGraphicAlghorithms\projects\WaveFront\WaveFront\WaveFront\Rasterizator.cpp(1042,43): warning C4244: '=': conversion from 'float' to 'BYTE', possible loss of data
D:\Bugor\6sem\ComputerGraphicAlghorithms\projects\WaveFront\WaveFront\WaveFront\Rasterizator.cpp(1043,44): warning C4244: '=': conversion from 'float' to 'BYTE', possible loss of data
D:\Bugor\6sem\ComputerGraphicAlghorithms\projects\WaveFront\WaveFront\WaveFront\Rasterizator.cpp(1044,42): warning C4244: '=': conversion from 'float' to 'BYTE', possible loss of data
  Generating code
  13 of 1381 functions ( 0.9%) were compiled, the rest were copied from previous compilation.
    1 functions were new in current compilation
    9 functions had inline decision re-evaluated but remain unchanged
  Finished generating code
  WaveFront.vcxproj -> D:\Bugor\6sem\ComputerGraphicAlghorithms\projects\WaveFront\WaveFront\x64\Release\WaveFront.exe
