d:\bugor\6sem\computergraphicalghorithms\projects\wavefront\wavefront\wavefront\x64\debug\vc143.pdb
d:\bugor\6sem\computergraphicalghorithms\projects\wavefront\wavefront\wavefront\x64\debug\vc143.idb
d:\bugor\6sem\computergraphicalghorithms\projects\wavefront\wavefront\wavefront\x64\debug\windowmain.obj
d:\bugor\6sem\computergraphicalghorithms\projects\wavefront\wavefront\wavefront\x64\debug\objloader.obj
d:\bugor\6sem\computergraphicalghorithms\projects\wavefront\wavefront\wavefront\x64\debug\coordsystem.obj
d:\bugor\6sem\computergraphicalghorithms\projects\wavefront\wavefront\wavefront\x64\debug\triangle.obj
d:\bugor\6sem\computergraphicalghorithms\projects\wavefront\wavefront\wavefront\x64\debug\temprasrt.obj
d:\bugor\6sem\computergraphicalghorithms\projects\wavefront\wavefront\wavefront\x64\debug\rasterizator.obj
d:\bugor\6sem\computergraphicalghorithms\projects\wavefront\wavefront\wavefront\x64\debug\mathlogic.obj
d:\bugor\6sem\computergraphicalghorithms\projects\wavefront\wavefront\wavefront\x64\debug\lightlogic.obj
d:\bugor\6sem\computergraphicalghorithms\projects\wavefront\wavefront\wavefront\x64\debug\intersectioninfo.obj
d:\bugor\6sem\computergraphicalghorithms\projects\wavefront\wavefront\wavefront\x64\debug\3dvectorstruct.obj
d:\bugor\6sem\computergraphicalghorithms\projects\wavefront\wavefront\wavefront\x64\debug\pointlightstruct.obj
d:\bugor\6sem\computergraphicalghorithms\projects\wavefront\wavefront\x64\debug\wavefront.exe
d:\bugor\6sem\computergraphicalghorithms\projects\wavefront\wavefront\x64\debug\wavefront.pdb
d:\bugor\6sem\computergraphicalghorithms\projects\wavefront\wavefront\wavefront\x64\debug\wavefront.ilk
d:\bugor\6sem\computergraphicalghorithms\projects\wavefront\wavefront\wavefront\x64\debug\polygonslogic.obj
d:\bugor\6sem\computergraphicalghorithms\projects\wavefront\wavefront\wavefront\x64\debug\threadpool.obj
d:\bugor\6sem\computergraphicalghorithms\projects\wavefront\wavefront\wavefront\x64\debug\rasterizator.obj.enc
d:\bugor\6sem\computergraphicalghorithms\projects\wavefront\wavefront\wavefront\x64\debug\windowmain.new.obj.enc
d:\bugor\6sem\computergraphicalghorithms\projects\wavefront\wavefront\wavefront\x64\debug\wavefront.tlog\cl.command.1.tlog
d:\bugor\6sem\computergraphicalghorithms\projects\wavefront\wavefront\wavefront\x64\debug\wavefront.tlog\cl.items.tlog
d:\bugor\6sem\computergraphicalghorithms\projects\wavefront\wavefront\wavefront\x64\debug\wavefront.tlog\cl.read.1.tlog
d:\bugor\6sem\computergraphicalghorithms\projects\wavefront\wavefront\wavefront\x64\debug\wavefront.tlog\cl.write.1.tlog
d:\bugor\6sem\computergraphicalghorithms\projects\wavefront\wavefront\wavefront\x64\debug\wavefront.tlog\link.command.1.tlog
d:\bugor\6sem\computergraphicalghorithms\projects\wavefront\wavefront\wavefront\x64\debug\wavefront.tlog\link.read.1.tlog
d:\bugor\6sem\computergraphicalghorithms\projects\wavefront\wavefront\wavefront\x64\debug\wavefront.tlog\link.secondary.1.tlog
d:\bugor\6sem\computergraphicalghorithms\projects\wavefront\wavefront\wavefront\x64\debug\wavefront.tlog\link.write.1.tlog
